<html>
<head>
<title>TestNG:  DEMO TEST</title>
<link href="../testng.css" rel="stylesheet" type="text/css" />
<link href="../my-testng.css" rel="stylesheet" type="text/css" />

<style type="text/css">
.log { display: none;} 
.stack-trace { display: none;} 
</style>
<script type="text/javascript">
<!--
function flip(e) {
  current = e.style.display;
  if (current == 'block') {
    e.style.display = 'none';
    return 0;
  }
  else {
    e.style.display = 'block';
    return 1;
  }
}

function toggleBox(szDivId, elem, msg1, msg2)
{
  var res = -1;  if (document.getElementById) {
    res = flip(document.getElementById(szDivId));
  }
  else if (document.all) {
    // this is the way old msie versions work
    res = flip(document.all[szDivId]);
  }
  if(elem) {
    if(res == 0) elem.innerHTML = msg1; else elem.innerHTML = msg2;
  }

}

function toggleAllBoxes() {
  if (document.getElementsByTagName) {
    d = document.getElementsByTagName('div');
    for (i = 0; i < d.length; i++) {
      if (d[i].className == 'log') {
        flip(d[i]);
      }
    }
  }
}

// -->
</script>

</head>
<body>
<h2 align='center'>DEMO TEST</h2><table border='1' align="center">
<tr>
<td>Tests passed/Failed/Skipped:</td><td>18/1/0</td>
</tr><tr>
<td>Started on:</td><td>Thu Jan 28 15:20:03 IST 2016</td>
</tr>
<tr><td>Total time:</td><td>108 seconds (108723 ms)</td>
</tr><tr>
<td>Included groups:</td><td></td>
</tr><tr>
<td>Excluded groups:</td><td></td>
</tr>
</table><p/>
<small><i>(Hover the method name to see the test class name)</i></small><p/>
<table width='100%' border='1' class='invocation-failed'>
<tr><td colspan='4' align='center'><b>FAILED TESTS</b></td></tr>
<tr><td><b>Test method</b></td>
<td width="30%"><b>Exception</b></td>
<td width="10%"><b>Time (seconds)</b></td>
<td><b>Instance</b></td>
</tr>
<tr>
<td title='Test.MOBFMyOrder.SORTBY()'><b>SORTBY</b><br>Test class: Test.MOBFMyOrder</td>
<td><div><pre>org.openqa.selenium.StaleElementReferenceException: stale element reference: element is not attached to the page document
  (Session info: chrome=47.0.2526.111)
  (Driver info: chromedriver=2.20.353145 (343b531d31eeb933ec778dbcf7081628a1396067),platform=Windows NT 6.3 x86_64) (WARNING: The server did not provide any stacktrace information)
Command duration or timeout: 14 milliseconds
For documentation on this error, please visit: http://seleniumhq.org/exceptions/stale_element_reference.html
Build info: version: &apos;2.48.2&apos;, revision: &apos;41bccdd&apos;, time: &apos;2015-10-09 19:59:12&apos;
System info: host: &apos;SK-SYS-043&apos;, ip: &apos;192.168.2.187&apos;, os.name: &apos;Windows 8.1&apos;, os.arch: &apos;amd64&apos;, os.version: &apos;6.3&apos;, java.version: &apos;1.8.0_05&apos;
Driver info: org.openqa.selenium.chrome.ChromeDriver
Capabilities [{applicationCacheEnabled=false, rotatable=false, mobileEmulationEnabled=true, chrome={userDataDir=C:\Users\SIVAKU~1.N\AppData\Local\Temp\scoped_dir5972_31129}, takesHeapSnapshot=true, databaseEnabled=false, handlesAlerts=true, hasTouchScreen=true, version=47.0.2526.111, platform=WIN8_1, browserConnectionEnabled=false, nativeEvents=true, acceptSslCerts=true, locationContextEnabled=true, webStorageEnabled=true, browserName=chrome, takesScreenshot=true, javascriptEnabled=true, cssSelectorsEnabled=true}]
Session ID: d7f94b396eecf321c0487ef9f5f37fa1
	at org.openqa.selenium.remote.ErrorHandler.createThrowable(ErrorHandler.java:206)
	at org.openqa.selenium.remote.ErrorHandler.throwIfResponseFailed(ErrorHandler.java:158)
	at org.openqa.selenium.remote.RemoteWebDriver.execute(RemoteWebDriver.java:647)
	at org.openqa.selenium.remote.RemoteWebDriver.executeScript(RemoteWebDriver.java:556)
	at Test.Attributes.highlightElement(Attributes.java:46)
	at Test.MOBFMyOrder.SORTBY(MOBFMyOrder.java:93)
... Removed 28 stack frames</pre></div><a href='#' onClick='toggleBox("stack-trace977552154", this, "Click to show all stack frames", "Click to hide stack frames")'>Click to show all stack frames</a>
<div class='stack-trace' id='stack-trace977552154'><pre>org.openqa.selenium.StaleElementReferenceException: stale element reference: element is not attached to the page document
  (Session info: chrome=47.0.2526.111)
  (Driver info: chromedriver=2.20.353145 (343b531d31eeb933ec778dbcf7081628a1396067),platform=Windows NT 6.3 x86_64) (WARNING: The server did not provide any stacktrace information)
Command duration or timeout: 14 milliseconds
For documentation on this error, please visit: http://seleniumhq.org/exceptions/stale_element_reference.html
Build info: version: &apos;2.48.2&apos;, revision: &apos;41bccdd&apos;, time: &apos;2015-10-09 19:59:12&apos;
System info: host: &apos;SK-SYS-043&apos;, ip: &apos;192.168.2.187&apos;, os.name: &apos;Windows 8.1&apos;, os.arch: &apos;amd64&apos;, os.version: &apos;6.3&apos;, java.version: &apos;1.8.0_05&apos;
Driver info: org.openqa.selenium.chrome.ChromeDriver
Capabilities [{applicationCacheEnabled=false, rotatable=false, mobileEmulationEnabled=true, chrome={userDataDir=C:\Users\SIVAKU~1.N\AppData\Local\Temp\scoped_dir5972_31129}, takesHeapSnapshot=true, databaseEnabled=false, handlesAlerts=true, hasTouchScreen=true, version=47.0.2526.111, platform=WIN8_1, browserConnectionEnabled=false, nativeEvents=true, acceptSslCerts=true, locationContextEnabled=true, webStorageEnabled=true, browserName=chrome, takesScreenshot=true, javascriptEnabled=true, cssSelectorsEnabled=true}]
Session ID: d7f94b396eecf321c0487ef9f5f37fa1
	at sun.reflect.NativeConstructorAccessorImpl.newInstance0(Native Method)
	at sun.reflect.NativeConstructorAccessorImpl.newInstance(Unknown Source)
	at sun.reflect.DelegatingConstructorAccessorImpl.newInstance(Unknown Source)
	at java.lang.reflect.Constructor.newInstance(Unknown Source)
	at org.openqa.selenium.remote.ErrorHandler.createThrowable(ErrorHandler.java:206)
	at org.openqa.selenium.remote.ErrorHandler.throwIfResponseFailed(ErrorHandler.java:158)
	at org.openqa.selenium.remote.RemoteWebDriver.execute(RemoteWebDriver.java:647)
	at org.openqa.selenium.remote.RemoteWebDriver.executeScript(RemoteWebDriver.java:556)
	at Test.Attributes.highlightElement(Attributes.java:46)
	at Test.MOBFMyOrder.SORTBY(MOBFMyOrder.java:93)
	at sun.reflect.NativeMethodAccessorImpl.invoke0(Native Method)
	at sun.reflect.NativeMethodAccessorImpl.invoke(Unknown Source)
	at sun.reflect.DelegatingMethodAccessorImpl.invoke(Unknown Source)
	at java.lang.reflect.Method.invoke(Unknown Source)
	at org.testng.internal.MethodInvocationHelper.invokeMethod(MethodInvocationHelper.java:86)
	at org.testng.internal.Invoker.invokeMethod(Invoker.java:645)
	at org.testng.internal.Invoker.invokeTestMethod(Invoker.java:822)
	at org.testng.internal.Invoker.invokeTestMethods(Invoker.java:1130)
	at org.testng.internal.TestMethodWorker.invokeTestMethods(TestMethodWorker.java:129)
	at org.testng.internal.TestMethodWorker.run(TestMethodWorker.java:112)
	at org.testng.TestRunner.privateRun(TestRunner.java:782)
	at org.testng.TestRunner.run(TestRunner.java:632)
	at org.testng.SuiteRunner.runTest(SuiteRunner.java:366)
	at org.testng.SuiteRunner.runSequentially(SuiteRunner.java:361)
	at org.testng.SuiteRunner.privateRun(SuiteRunner.java:319)
	at org.testng.SuiteRunner.run(SuiteRunner.java:268)
	at org.testng.SuiteRunnerWorker.runSuite(SuiteRunnerWorker.java:52)
	at org.testng.SuiteRunnerWorker.run(SuiteRunnerWorker.java:86)
	at org.testng.TestNG.runSuitesSequentially(TestNG.java:1244)
	at org.testng.TestNG.runSuitesLocally(TestNG.java:1169)
	at org.testng.TestNG.run(TestNG.java:1064)
	at org.testng.remote.RemoteTestNG.run(RemoteTestNG.java:113)
	at org.testng.remote.RemoteTestNG.initAndRun(RemoteTestNG.java:206)
	at org.testng.remote.RemoteTestNG.main(RemoteTestNG.java:177)
</pre></div></td>
<td>2</td>
<td>Test.MOBFMyOrder@52af6cff</td></tr>
</table><p>
<table width='100%' border='1' class='invocation-passed'>
<tr><td colspan='4' align='center'><b>PASSED TESTS</b></td></tr>
<tr><td><b>Test method</b></td>
<td width="30%"><b>Exception</b></td>
<td width="10%"><b>Time (seconds)</b></td>
<td><b>Instance</b></td>
</tr>
<tr>
<td title='Test.MOBFPendingOrder.DATEvalidation()'><b>DATEvalidation</b><br>Test class: Test.MOBFPendingOrder</td>
<td></td>
<td>4</td>
<td>Test.MOBFPendingOrder@531be3c5</td></tr>
<tr>
<td title='Test.MOBFMyOrder.DATEvalidation()'><b>DATEvalidation</b><br>Test class: Test.MOBFMyOrder</td>
<td></td>
<td>4</td>
<td>Test.MOBFMyOrder@52af6cff</td></tr>
<tr>
<td title='Test.MOBFPendingOrder.GetOrder()'><b>GetOrder</b><br>Test class: Test.MOBFPendingOrder</td>
<td></td>
<td>7</td>
<td>Test.MOBFPendingOrder@531be3c5</td></tr>
<tr>
<td title='Test.MOBFPendingOrder.NARROWBY()'><b>NARROWBY</b><br>Test class: Test.MOBFPendingOrder</td>
<td></td>
<td>5</td>
<td>Test.MOBFPendingOrder@531be3c5</td></tr>
<tr>
<td title='Test.MOBFMyOrder.NARROWBY()'><b>NARROWBY</b><br>Test class: Test.MOBFMyOrder</td>
<td></td>
<td>4</td>
<td>Test.MOBFMyOrder@52af6cff</td></tr>
<tr>
<td title='Test.MOBFPendingOrder.Navigation()'><b>Navigation</b><br>Test class: Test.MOBFPendingOrder</td>
<td></td>
<td>21</td>
<td>Test.MOBFPendingOrder@531be3c5</td></tr>
<tr>
<td title='Test.MOBFPendingOrder.ORDERvalidation()'><b>ORDERvalidation</b><br>Test class: Test.MOBFPendingOrder</td>
<td></td>
<td>4</td>
<td>Test.MOBFPendingOrder@531be3c5</td></tr>
<tr>
<td title='Test.MOBFMyOrder.ORDERvalidation()'><b>ORDERvalidation</b><br>Test class: Test.MOBFMyOrder</td>
<td></td>
<td>4</td>
<td>Test.MOBFMyOrder@52af6cff</td></tr>
<tr>
<td title='Test.MOBFPendingOrder.OrderCount()'><b>OrderCount</b><br>Test class: Test.MOBFPendingOrder</td>
<td></td>
<td>4</td>
<td>Test.MOBFPendingOrder@531be3c5</td></tr>
<tr>
<td title='Test.MOBFPendingOrder.PRICEvalidation()'><b>PRICEvalidation</b><br>Test class: Test.MOBFPendingOrder</td>
<td></td>
<td>4</td>
<td>Test.MOBFPendingOrder@531be3c5</td></tr>
<tr>
<td title='Test.MOBFMyOrder.PRICEvalidation()'><b>PRICEvalidation</b><br>Test class: Test.MOBFMyOrder</td>
<td></td>
<td>4</td>
<td>Test.MOBFMyOrder@52af6cff</td></tr>
<tr>
<td title='Test.MOBFPendingOrder.QTYvalidation()'><b>QTYvalidation</b><br>Test class: Test.MOBFPendingOrder</td>
<td></td>
<td>5</td>
<td>Test.MOBFPendingOrder@531be3c5</td></tr>
<tr>
<td title='Test.MOBFMyOrder.QTYvalidation()'><b>QTYvalidation</b><br>Test class: Test.MOBFMyOrder</td>
<td></td>
<td>4</td>
<td>Test.MOBFMyOrder@52af6cff</td></tr>
<tr>
<td title='Test.MOBFPendingOrder.SORTBY()'><b>SORTBY</b><br>Test class: Test.MOBFPendingOrder</td>
<td></td>
<td>2</td>
<td>Test.MOBFPendingOrder@531be3c5</td></tr>
<tr>
<td title='Test.MOBFPendingOrder.SWIPE()'><b>SWIPE</b><br>Test class: Test.MOBFPendingOrder</td>
<td></td>
<td>4</td>
<td>Test.MOBFPendingOrder@531be3c5</td></tr>
<tr>
<td title='Test.MOBFPendingOrder.UrgentOrder()'><b>UrgentOrder</b><br>Test class: Test.MOBFPendingOrder</td>
<td></td>
<td>0</td>
<td>Test.MOBFPendingOrder@531be3c5</td></tr>
<tr>
<td title='Test.MOBFMyOrder.VIEWALL()'><b>VIEWALL</b><br>Test class: Test.MOBFMyOrder</td>
<td></td>
<td>7</td>
<td>Test.MOBFMyOrder@52af6cff</td></tr>
<tr>
<td title='Test.MOBFPendingOrder.ViewOrder()'><b>ViewOrder</b><br>Test class: Test.MOBFPendingOrder</td>
<td></td>
<td>11</td>
<td>Test.MOBFPendingOrder@531be3c5</td></tr>
</table><p>
</body>
</html>