<?xml version="1.0" encoding="UTF-8"?>
<!-- Generated by org.testng.reporters.JUnitXMLReporter -->
<testsuite hostname="SK-SYS-043" name="DEMO TEST" tests="19" failures="1" timestamp="1 Feb 2016 05:25:29 GMT" time="129.651" errors="0">
  <testcase name="GetOrder" time="14.051" classname="Test.MOBFPendingOrder"/>
  <testcase name="ViewOrder" time="12.172" classname="Test.MOBFPendingOrder"/>
  <testcase name="UrgentOrder" time="0.13" classname="Test.MOBFPendingOrder"/>
  <testcase name="ORDERvalidation" time="4.836" classname="Test.MOBFPendingOrder"/>
  <testcase name="QTYvalidation" time="4.941" classname="Test.MOBFPendingOrder"/>
  <testcase name="PRICEvalidation" time="4.932" classname="Test.MOBFPendingOrder"/>
  <testcase name="DATEvalidation" time="4.933" classname="Test.MOBFPendingOrder"/>
  <testcase name="Navigation" time="21.141" classname="Test.MOBFPendingOrder"/>
  <testcase name="SORTBY" time="2.925" classname="Test.MOBFPendingOrder"/>
  <testcase name="NARROWBY" time="13.16" classname="Test.MOBFPendingOrder"/>
  <testcase name="SWIPE" time="4.456" classname="Test.MOBFPendingOrder"/>
  <testcase name="OrderCountPO" time="4.352" classname="Test.MOBFPendingOrder"/>
  <testcase name="SORTBY" time="6.25" classname="Test.MOBFMyOrder"/>
  <testcase name="NARROWBY" time="6.201" classname="Test.MOBFMyOrder">
    <failure type="org.openqa.selenium.ElementNotVisibleException" message="element not visible
  (Session info: chrome=47.0.2526.111)
  (Driver info: chromedriver=2.20.353145 (343b531d31eeb933ec778dbcf7081628a1396067),platform=Windows NT 6.3 x86_64) (WARNING: The server did not provide any stacktrace information)
Command duration or timeout: 18 milliseconds
Build info: version: &amp;apos;2.48.2&amp;apos;, revision: &amp;apos;41bccdd&amp;apos;, time: &amp;apos;2015-10-09 19:59:12&amp;apos;
System info: host: &amp;apos;SK-SYS-043&amp;apos;, ip: &amp;apos;192.168.2.187&amp;apos;, os.name: &amp;apos;Windows 8.1&amp;apos;, os.arch: &amp;apos;amd64&amp;apos;, os.version: &amp;apos;6.3&amp;apos;, java.version: &amp;apos;1.8.0_05&amp;apos;
Driver info: org.openqa.selenium.chrome.ChromeDriver
Capabilities [{applicationCacheEnabled=false, rotatable=false, mobileEmulationEnabled=true, chrome={userDataDir=C:\Users\SIVAKU~1.N\AppData\Local\Temp\scoped_dir1372_73}, takesHeapSnapshot=true, databaseEnabled=false, handlesAlerts=true, hasTouchScreen=true, version=47.0.2526.111, platform=WIN8_1, browserConnectionEnabled=false, nativeEvents=true, acceptSslCerts=true, locationContextEnabled=true, webStorageEnabled=true, browserName=chrome, takesScreenshot=true, javascriptEnabled=true, cssSelectorsEnabled=true}]
Session ID: 4da6453846e8fe528792ece55d2a6801">
      <![CDATA[org.openqa.selenium.ElementNotVisibleException: element not visible
  (Session info: chrome=47.0.2526.111)
  (Driver info: chromedriver=2.20.353145 (343b531d31eeb933ec778dbcf7081628a1396067),platform=Windows NT 6.3 x86_64) (WARNING: The server did not provide any stacktrace information)
Command duration or timeout: 18 milliseconds
Build info: version: '2.48.2', revision: '41bccdd', time: '2015-10-09 19:59:12'
System info: host: 'SK-SYS-043', ip: '192.168.2.187', os.name: 'Windows 8.1', os.arch: 'amd64', os.version: '6.3', java.version: '1.8.0_05'
Driver info: org.openqa.selenium.chrome.ChromeDriver
Capabilities [{applicationCacheEnabled=false, rotatable=false, mobileEmulationEnabled=true, chrome={userDataDir=C:\Users\SIVAKU~1.N\AppData\Local\Temp\scoped_dir1372_73}, takesHeapSnapshot=true, databaseEnabled=false, handlesAlerts=true, hasTouchScreen=true, version=47.0.2526.111, platform=WIN8_1, browserConnectionEnabled=false, nativeEvents=true, acceptSslCerts=true, locationContextEnabled=true, webStorageEnabled=true, browserName=chrome, takesScreenshot=true, javascriptEnabled=true, cssSelectorsEnabled=true}]
Session ID: 4da6453846e8fe528792ece55d2a6801
	at org.openqa.selenium.remote.ErrorHandler.createThrowable(ErrorHandler.java:206)
	at org.openqa.selenium.remote.ErrorHandler.throwIfResponseFailed(ErrorHandler.java:158)
	at org.openqa.selenium.remote.RemoteWebDriver.execute(RemoteWebDriver.java:647)
	at org.openqa.selenium.remote.RemoteWebElement.execute(RemoteWebElement.java:326)
	at org.openqa.selenium.remote.RemoteWebElement.click(RemoteWebElement.java:84)
	at Test.MOBFMyOrder.NARROWBY(MOBFMyOrder.java:51)
... Removed 28 stack frames]]>
    </failure>
  </testcase> <!-- NARROWBY -->
  <testcase name="VIEWALL" time="7.259" classname="Test.MOBFMyOrder"/>
  <testcase name="ORDERvalidation" time="4.607" classname="Test.MOBFMyOrder"/>
  <testcase name="QTYvalidation" time="4.424" classname="Test.MOBFMyOrder"/>
  <testcase name="PRICEvalidation" time="4.396" classname="Test.MOBFMyOrder"/>
  <testcase name="DATEvalidation" time="4.45" classname="Test.MOBFMyOrder"/>
</testsuite> <!-- DEMO TEST -->
