<?xml version="1.0" encoding="UTF-8"?>
<!-- Generated by org.testng.reporters.JUnitXMLReporter -->
<testsuite hostname="SK-SYS-043" name="DEMO TEST" tests="16" failures="2" timestamp="1 Feb 2016 13:14:34 GMT" time="215.307" errors="0">
  <testcase name="GetOrder" time="9.099" classname="Test.MOBFPendingOrder"/>
  <testcase name="ViewOrder" time="14.202" classname="Test.MOBFPendingOrder"/>
  <testcase name="UrgentOrder" time="0.121" classname="Test.MOBFPendingOrder"/>
  <testcase name="ORDERvalidation" time="6.848" classname="Test.MOBFPendingOrder"/>
  <testcase name="QTYvalidation" time="6.934" classname="Test.MOBFPendingOrder"/>
  <testcase name="PRICEvalidation" time="6.955" classname="Test.MOBFPendingOrder"/>
  <testcase name="DATEvalidation" time="7.025" classname="Test.MOBFPendingOrder"/>
  <testcase name="Navigation" time="21.152" classname="Test.MOBFPendingOrder"/>
  <testcase name="SORTBY" time="4.932" classname="Test.MOBFPendingOrder"/>
  <testcase name="NARROWBY" time="19.415" classname="Test.MOBFPendingOrder"/>
  <testcase name="SWIPE" time="8.541" classname="Test.MOBFPendingOrder"/>
  <testcase name="OrderCountPO" time="8.417" classname="Test.MOBFPendingOrder"/>
  <testcase name="SORTBY" time="8.278" classname="Test.MOBFMyOrder"/>
  <testcase name="NARROWBY" time="46.225" classname="Test.MOBFMyOrder"/>
  <testcase name="VIEWALL" time="7.215" classname="Test.MOBFMyOrder">
    <failure type="java.lang.NullPointerException">
      <![CDATA[java.lang.NullPointerException
	at Test.MOBFMyOrder.VIEWALL(MOBFMyOrder.java:117)
... Removed 24 stack frames]]>
    </failure>
  </testcase> <!-- VIEWALL -->
  <testcase name="Scan" time="39.912" classname="Test.MOBFMyOrder">
    <failure type="org.openqa.selenium.NoSuchElementException" message="no such element: Unable to locate element: {&amp;quot;method&amp;quot;:&amp;quot;xpath&amp;quot;,&amp;quot;selector&amp;quot;:&amp;quot;.//*[@orderid=&amp;apos;07516364-00035&amp;apos;]&amp;quot;}
  (Session info: chrome=47.0.2526.111)
  (Driver info: chromedriver=2.20.353145 (343b531d31eeb933ec778dbcf7081628a1396067),platform=Windows NT 6.3 x86_64) (WARNING: The server did not provide any stacktrace information)
Command duration or timeout: 39.91 seconds
For documentation on this error, please visit: http://seleniumhq.org/exceptions/no_such_element.html
Build info: version: &amp;apos;2.48.2&amp;apos;, revision: &amp;apos;41bccdd&amp;apos;, time: &amp;apos;2015-10-09 19:59:12&amp;apos;
System info: host: &amp;apos;SK-SYS-043&amp;apos;, ip: &amp;apos;192.168.2.187&amp;apos;, os.name: &amp;apos;Windows 8.1&amp;apos;, os.arch: &amp;apos;amd64&amp;apos;, os.version: &amp;apos;6.3&amp;apos;, java.version: &amp;apos;1.8.0_05&amp;apos;
Driver info: org.openqa.selenium.chrome.ChromeDriver
Capabilities [{applicationCacheEnabled=false, rotatable=false, mobileEmulationEnabled=true, chrome={userDataDir=C:\Users\SIVAKU~1.N\AppData\Local\Temp\scoped_dir6664_23223}, takesHeapSnapshot=true, databaseEnabled=false, handlesAlerts=true, hasTouchScreen=true, version=47.0.2526.111, platform=WIN8_1, browserConnectionEnabled=false, nativeEvents=true, acceptSslCerts=true, locationContextEnabled=true, webStorageEnabled=true, browserName=chrome, takesScreenshot=true, javascriptEnabled=true, cssSelectorsEnabled=true}]
Session ID: 17527d7098b0d6b0ad669e7c0c7a1653
*** Element info: {Using=xpath, value=.//*[@orderid=&amp;apos;07516364-00035&amp;apos;]}">
      <![CDATA[org.openqa.selenium.NoSuchElementException: no such element: Unable to locate element: {"method":"xpath","selector":".//*[@orderid='07516364-00035']"}
  (Session info: chrome=47.0.2526.111)
  (Driver info: chromedriver=2.20.353145 (343b531d31eeb933ec778dbcf7081628a1396067),platform=Windows NT 6.3 x86_64) (WARNING: The server did not provide any stacktrace information)
Command duration or timeout: 39.91 seconds
For documentation on this error, please visit: http://seleniumhq.org/exceptions/no_such_element.html
Build info: version: '2.48.2', revision: '41bccdd', time: '2015-10-09 19:59:12'
System info: host: 'SK-SYS-043', ip: '192.168.2.187', os.name: 'Windows 8.1', os.arch: 'amd64', os.version: '6.3', java.version: '1.8.0_05'
Driver info: org.openqa.selenium.chrome.ChromeDriver
Capabilities [{applicationCacheEnabled=false, rotatable=false, mobileEmulationEnabled=true, chrome={userDataDir=C:\Users\SIVAKU~1.N\AppData\Local\Temp\scoped_dir6664_23223}, takesHeapSnapshot=true, databaseEnabled=false, handlesAlerts=true, hasTouchScreen=true, version=47.0.2526.111, platform=WIN8_1, browserConnectionEnabled=false, nativeEvents=true, acceptSslCerts=true, locationContextEnabled=true, webStorageEnabled=true, browserName=chrome, takesScreenshot=true, javascriptEnabled=true, cssSelectorsEnabled=true}]
Session ID: 17527d7098b0d6b0ad669e7c0c7a1653
*** Element info: {Using=xpath, value=.//*[@orderid='07516364-00035']}
	at org.openqa.selenium.remote.ErrorHandler.createThrowable(ErrorHandler.java:206)
	at org.openqa.selenium.remote.ErrorHandler.throwIfResponseFailed(ErrorHandler.java:158)
	at org.openqa.selenium.remote.RemoteWebDriver.execute(RemoteWebDriver.java:647)
	at org.openqa.selenium.remote.RemoteWebDriver.findElement(RemoteWebDriver.java:353)
	at org.openqa.selenium.remote.RemoteWebDriver.findElementByXPath(RemoteWebDriver.java:490)
	at org.openqa.selenium.By$ByXPath.findElement(By.java:361)
	at org.openqa.selenium.remote.RemoteWebDriver.findElement(RemoteWebDriver.java:345)
	at Test.Attributes.highlightElement(Attributes.java:38)
	at Test.MOBFMyOrder.Scan(MOBFMyOrder.java:241)
... Removed 28 stack frames]]>
    </failure>
  </testcase> <!-- Scan -->
</testsuite> <!-- DEMO TEST -->
